c:\users\kyech\documents\visual studio 2013\projects\cidengine\cidengine\debug\vc120.pdb
c:\users\kyech\documents\visual studio 2013\projects\cidengine\cidengine\debug\vc120.idb
c:\users\kyech\documents\visual studio 2013\projects\cidengine\cidengine\debug\graphicadmin.obj
c:\users\kyech\documents\visual studio 2013\projects\cidengine\cidengine\debug\manager.obj
c:\users\kyech\documents\visual studio 2013\projects\cidengine\cidengine\debug\node.obj
c:\users\kyech\documents\visual studio 2013\projects\cidengine\cidengine\debug\scene.obj
c:\users\kyech\documents\visual studio 2013\projects\cidengine\cidengine\debug\sceneadmin.obj
c:\users\kyech\documents\visual studio 2013\projects\cidengine\cidengine\debug\soundadmin.obj
c:\users\kyech\documents\visual studio 2013\projects\cidengine\cidengine\debug\sprite.obj
c:\users\kyech\documents\visual studio 2013\projects\cidengine\cidengine\debug\helloworldscene.obj
c:\users\kyech\documents\visual studio 2013\projects\cidengine\cidengine\debug\main.obj
c:\users\kyech\documents\visual studio 2013\projects\cidengine\debug\cidengine.ilk
c:\users\kyech\documents\visual studio 2013\projects\cidengine\debug\cidengine.exe
c:\users\kyech\documents\visual studio 2013\projects\cidengine\debug\cidengine.pdb
c:\users\kyech\documents\visual studio 2013\projects\cidengine\cidengine\debug\cidengine.tlog\cl.command.1.tlog
c:\users\kyech\documents\visual studio 2013\projects\cidengine\cidengine\debug\cidengine.tlog\cl.read.1.tlog
c:\users\kyech\documents\visual studio 2013\projects\cidengine\cidengine\debug\cidengine.tlog\cl.write.1.tlog
c:\users\kyech\documents\visual studio 2013\projects\cidengine\cidengine\debug\cidengine.tlog\link.command.1.tlog
c:\users\kyech\documents\visual studio 2013\projects\cidengine\cidengine\debug\cidengine.tlog\link.read.1.tlog
c:\users\kyech\documents\visual studio 2013\projects\cidengine\cidengine\debug\cidengine.tlog\link.write.1.tlog
