빌드 시작: 2015-12-29 오후 8:39:33
     1>2 노드의 "C:\Users\kyech\Documents\Visual Studio 2013\Projects\CIDEngine\CIDEngine\CIDEngine.vcxproj" 프로젝트(Build 대상)입니다.
     1>ClCompile:
         C:\Program Files (x86)\Microsoft Visual Studio 12.0\VC\bin\CL.exe /c /ZI /nologo /W3 /WX- /sdl /Od /Oy- /D _MBCS /Gm /EHsc /RTC1 /MDd /GS /fp:precise /Zc:wchar_t /Zc:forScope /Fo"Debug\\" /Fd"Debug\vc120.pdb" /Gd /TP /analyze- /errorReport:prompt Classes\HelloWorldScene.cpp
         HelloWorldScene.cpp
     1>c:\users\kyech\documents\visual studio 2013\projects\cidengine\cidengine\cidlib\node.h(92): warning C4244: '=' : 'int'에서 'FLOAT'(으)로 변환하면서 데이터가 손실될 수 있습니다.
     1>c:\users\kyech\documents\visual studio 2013\projects\cidengine\cidengine\cidlib\node.h(93): warning C4244: '=' : 'int'에서 'FLOAT'(으)로 변환하면서 데이터가 손실될 수 있습니다.
     1>c:\users\kyech\documents\visual studio 2013\projects\cidengine\cidengine\cidlib\node.h(111): warning C4244: '=' : 'int'에서 'FLOAT'(으)로 변환하면서 데이터가 손실될 수 있습니다.
     1>c:\users\kyech\documents\visual studio 2013\projects\cidengine\cidengine\cidlib\node.h(120): warning C4244: '=' : 'int'에서 'FLOAT'(으)로 변환하면서 데이터가 손실될 수 있습니다.
     1>c:\users\kyech\documents\visual studio 2013\projects\cidengine\cidengine\cidlib\node.h(130): warning C4244: '=' : 'int'에서 'FLOAT'(으)로 변환하면서 데이터가 손실될 수 있습니다.
     1>c:\users\kyech\documents\visual studio 2013\projects\cidengine\cidengine\cidlib\node.h(131): warning C4244: '=' : 'int'에서 'FLOAT'(으)로 변환하면서 데이터가 손실될 수 있습니다.
     1>c:\users\kyech\documents\visual studio 2013\projects\cidengine\cidengine\cidlib\node.h(297): warning C4244: 'return' : 'LONG'에서 'float'(으)로 변환하면서 데이터가 손실될 수 있습니다.
     1>c:\users\kyech\documents\visual studio 2013\projects\cidengine\cidengine\cidlib\node.h(306): warning C4244: 'return' : 'LONG'에서 'float'(으)로 변환하면서 데이터가 손실될 수 있습니다.
     1>c:\users\kyech\documents\visual studio 2013\projects\cidengine\cidengine\cidlib\node.h(178): warning C4244: '=' : 'int'에서 'float'(으)로 변환하면서 데이터가 손실될 수 있습니다.
                 c:\users\kyech\documents\visual studio 2013\projects\cidengine\cidengine\classes\helloworldscene.cpp(19) : 컴파일 중인 함수 템플릿 인스턴스화 'void Node::setRotation<int>(T)'에 대한 참조를 확인하십시오.
                 with
                 [
                     T=int
                 ]
       Link:
         C:\Program Files (x86)\Microsoft Visual Studio 12.0\VC\bin\link.exe /ERRORREPORT:PROMPT /OUT:"C:\Users\kyech\Documents\Visual Studio 2013\Projects\CIDEngine\Debug\CIDEngine.exe" /INCREMENTAL /NOLOGO d3d9.lib d3dx9.lib winmm.lib kernel32.lib user32.lib gdi32.lib winspool.lib comdlg32.lib advapi32.lib shell32.lib ole32.lib oleaut32.lib uuid.lib odbc32.lib odbccp32.lib /MANIFEST /MANIFESTUAC:"level='asInvoker' uiAccess='false'" /manifest:embed /DEBUG /PDB:"C:\Users\kyech\Documents\Visual Studio 2013\Projects\CIDEngine\Debug\CIDEngine.pdb" /TLBID:1 /DYNAMICBASE /NXCOMPAT /IMPLIB:"C:\Users\kyech\Documents\Visual Studio 2013\Projects\CIDEngine\Debug\CIDEngine.lib" /MACHINE:X86 Debug\GraphicAdmin.obj
         Debug\Label.obj
         Debug\Manager.obj
         Debug\Node.obj
         Debug\Scene.obj
         Debug\SceneAdmin.obj
         Debug\SoundAdmin.obj
         Debug\Sprite.obj
         Debug\HelloWorldScene.obj
         Debug\InGameScene.obj
         Debug\main.obj
         CIDEngine.vcxproj -> C:\Users\kyech\Documents\Visual Studio 2013\Projects\CIDEngine\Debug\CIDEngine.exe
     1>"C:\Users\kyech\Documents\Visual Studio 2013\Projects\CIDEngine\CIDEngine\CIDEngine.vcxproj" 프로젝트를 빌드했습니다(Build 대상).

빌드했습니다.

경과 시간: 00:00:01.97
